<?xml version="1.0" encoding="UTF-8"?>
<!-- Generated by org.testng.reporters.JUnitReportReporter -->
<testsuite hostname="DESKTOP-MK6I1DB" failures="0" tests="5" name="testScripts.Login" time="74.652" errors="0" timestamp="2024-04-05T01:56:12 IST" skipped="0">
  <testcase classname="testScripts.Login" name="login" time="14.871"/>
  <testcase classname="testScripts.Login" name="login" time="14.162"/>
  <testcase classname="testScripts.Login" name="login" time="16.678"/>
  <testcase classname="testScripts.Login" name="login" time="14.295"/>
  <testcase classname="testScripts.Login" name="login" time="14.646"/>
</testsuite> <!-- testScripts.Login -->
