<?xml version="1.0" encoding="UTF-8"?>
<!-- Generated by org.testng.reporters.JUnitReportReporter -->
<testsuite hostname="DESKTOP-MK6I1DB" failures="0" tests="3" name="genericLibrary.BaseClass" time="0.015" errors="0" timestamp="2024-04-02T13:53:08 IST" skipped="0">
  <testcase classname="genericLibrary.BaseClass" name="test1" time="0.010">
    <system-out>
      <![CDATA[Test 1]]>
    </system-out>
  </testcase> <!-- test1 -->
  <testcase classname="genericLibrary.BaseClass" name="test3" time="0.003">
    <system-out>
      <![CDATA[Test 3]]>
    </system-out>
  </testcase> <!-- test3 -->
  <testcase classname="genericLibrary.BaseClass" name="test2" time="0.002">
    <system-out>
      <![CDATA[Test 2]]>
    </system-out>
  </testcase> <!-- test2 -->
  <system-out>
    <![CDATA[Before Suite
Before Test
Before Class
Before method
Test 1
After method
Before method
Test 2
After method
Before method
Test 3
After method
After Class
After test
After Suite]]>
  </system-out>
</testsuite> <!-- genericLibrary.BaseClass -->
