<?xml version="1.0" encoding="UTF-8"?>
<!-- Generated by org.testng.reporters.JUnitReportReporter -->
<testsuite hostname="DESKTOP-MK6I1DB" failures="0" tests="5" name="testScripts.Register" time="100.655" errors="0" timestamp="2024-04-05T01:46:12 IST" skipped="0">
  <testcase classname="testScripts.Register" name="register_001" time="19.694"/>
  <testcase classname="testScripts.Register" name="register_001" time="20.649"/>
  <testcase classname="testScripts.Register" name="register_001" time="19.956"/>
  <testcase classname="testScripts.Register" name="register_001" time="19.771"/>
  <testcase classname="testScripts.Register" name="register_001" time="20.585"/>
</testsuite> <!-- testScripts.Register -->
