<?xml version="1.0" encoding="UTF-8"?>
<!-- Generated by org.testng.reporters.JUnitReportReporter -->
<testsuite hostname="DESKTOP-MK6I1DB" failures="0" tests="1" name="testScripts.HomeTest" time="5.044" errors="0" timestamp="2024-04-05T14:09:35 IST" skipped="0">
  <testcase classname="testScripts.HomeTest" name="home_001" time="5.044"/>
  <system-out>
    <![CDATA[Before Suite
Before Test
Browser launched
Login
Logout
Browser closed
After test
After Suite]]>
  </system-out>
</testsuite> <!-- testScripts.HomeTest -->
