<?xml version="1.0" encoding="UTF-8"?>
<!-- Generated by org.testng.reporters.JUnitReportReporter -->
<testsuite hostname="DESKTOP-MK6I1DB" failures="0" tests="3" name="testNgBasics.DependsOnTest" time="9.840" errors="0" timestamp="2024-03-30T14:19:15 IST" skipped="0">
  <testcase classname="testNgBasics.DependsOnTest" name="register" time="3.269">
    <system-out>
      <![CDATA[smoke Register]]>
    </system-out>
  </testcase> <!-- register -->
  <testcase classname="testNgBasics.DependsOnTest" name="login" time="3.245">
    <system-out>
      <![CDATA[FT Login]]>
    </system-out>
  </testcase> <!-- login -->
  <testcase classname="testNgBasics.DependsOnTest" name="payment" time="3.326">
    <system-out>
      <![CDATA[smoke RT Payment]]>
    </system-out>
  </testcase> <!-- payment -->
  <system-out>
    <![CDATA[Test case completed
FT Login
smoke RT Payment
smoke Register]]>
  </system-out>
</testsuite> <!-- testNgBasics.DependsOnTest -->
