<?xml version="1.0" encoding="UTF-8"?>
<!-- Generated by org.testng.reporters.JUnitReportReporter -->
<testsuite hostname="DESKTOP-MK6I1DB" failures="0" tests="10" name="testNgBasics.InvocationCount" time="47.686" errors="0" timestamp="2024-03-28T13:22:05 IST" skipped="0">
  <testcase classname="testNgBasics.InvocationCount" name="test1" time="5.035"/>
  <testcase classname="testNgBasics.InvocationCount" name="test1" time="4.683"/>
  <testcase classname="testNgBasics.InvocationCount" name="test1" time="4.523"/>
  <testcase classname="testNgBasics.InvocationCount" name="test1" time="5.099"/>
  <testcase classname="testNgBasics.InvocationCount" name="test1" time="5.259"/>
  <testcase classname="testNgBasics.InvocationCount" name="test1" time="4.539"/>
  <testcase classname="testNgBasics.InvocationCount" name="test1" time="4.447"/>
  <testcase classname="testNgBasics.InvocationCount" name="test1" time="4.991"/>
  <testcase classname="testNgBasics.InvocationCount" name="test1" time="4.012"/>
  <testcase classname="testNgBasics.InvocationCount" name="test1" time="5.098"/>
</testsuite> <!-- testNgBasics.InvocationCount -->
