<?xml version="1.0" encoding="UTF-8"?>
<!-- Generated by org.testng.reporters.JUnitReportReporter -->
<testsuite hostname="DESKTOP-MK6I1DB" failures="0" tests="1" name="testNgBasics.DisableScripts" time="3.324" errors="0" timestamp="2024-03-29T14:48:49 IST" skipped="0">
  <testcase classname="testNgBasics.DisableScripts" name="test2" time="3.324"/>
</testsuite> <!-- testNgBasics.DisableScripts -->
