<?xml version="1.0" encoding="UTF-8"?>
<!-- Generated by org.testng.reporters.JUnitReportReporter -->
<testsuite hostname="DESKTOP-MK6I1DB" failures="0" tests="5" name="testNgBasics.Login" time="67.864" errors="0" timestamp="2024-04-03T14:33:21 IST" skipped="0">
  <testcase classname="testNgBasics.Login" name="Login" time="13.136"/>
  <testcase classname="testNgBasics.Login" name="Login" time="13.000"/>
  <testcase classname="testNgBasics.Login" name="Login" time="12.740"/>
  <testcase classname="testNgBasics.Login" name="Login" time="13.633"/>
  <testcase classname="testNgBasics.Login" name="Login" time="15.355"/>
</testsuite> <!-- testNgBasics.Login -->
