<?xml version="1.0" encoding="UTF-8"?>
<!-- Generated by org.testng.reporters.JUnitReportReporter -->
<testsuite hostname="DESKTOP-MK6I1DB" failures="0" tests="2" name="testNgBasics.LoginTest" time="6.905" errors="0" timestamp="2024-03-30T14:19:15 IST" skipped="0">
  <testcase classname="testNgBasics.LoginTest" name="login_002" time="3.332"/>
  <testcase classname="testNgBasics.LoginTest" name="login_001" time="3.573"/>
  <system-out>
    <![CDATA[Test case completed
FT Login
smoke RT Payment
smoke Register]]>
  </system-out>
</testsuite> <!-- testNgBasics.LoginTest -->
