<?xml version="1.0" encoding="UTF-8"?>
<!-- Generated by org.testng.reporters.JUnitReportReporter -->
<testsuite hostname="DESKTOP-MK6I1DB" failures="0" tests="4" name="testNgBasics.PriorityTest" time="13.465" errors="0" timestamp="2024-03-30T14:19:15 IST" skipped="0">
  <testcase classname="testNgBasics.PriorityTest" name="register" time="3.275"/>
  <testcase classname="testNgBasics.PriorityTest" name="addToCart" time="3.675"/>
  <testcase classname="testNgBasics.PriorityTest" name="login" time="3.279"/>
  <testcase classname="testNgBasics.PriorityTest" name="payment" time="3.236"/>
  <system-out>
    <![CDATA[Test case completed
FT Login
smoke RT Payment
smoke Register]]>
  </system-out>
</testsuite> <!-- testNgBasics.PriorityTest -->
