<?xml version="1.0" encoding="UTF-8"?>
<!-- Generated by org.testng.reporters.JUnitReportReporter -->
<testsuite hostname="DESKTOP-MK6I1DB" failures="0" tests="1" name="testNgBasics.LogoTest" time="5.977" errors="0" timestamp="2024-03-30T14:19:15 IST" skipped="0">
  <testcase classname="testNgBasics.LogoTest" name="logo_001" time="5.977">
    <system-out>
      <![CDATA[Test case completed]]>
    </system-out>
  </testcase> <!-- logo_001 -->
  <system-out>
    <![CDATA[Test case completed
FT Login
smoke RT Payment
smoke Register]]>
  </system-out>
</testsuite> <!-- testNgBasics.LogoTest -->
