<?xml version="1.0" encoding="UTF-8"?>
<!-- Generated by org.testng.reporters.JUnitReportReporter -->
<testsuite hostname="DESKTOP-MK6I1DB" failures="0" tests="5" name="testNgBasics.RegisterTest" time="190.394" errors="0" timestamp="2024-04-02T13:08:40 IST" skipped="0">
  <testcase classname="testNgBasics.RegisterTest" name="register_001" time="43.554"/>
  <testcase classname="testNgBasics.RegisterTest" name="register_001" time="39.881"/>
  <testcase classname="testNgBasics.RegisterTest" name="register_001" time="37.929"/>
  <testcase classname="testNgBasics.RegisterTest" name="register_001" time="34.267"/>
  <testcase classname="testNgBasics.RegisterTest" name="register_001" time="34.763"/>
</testsuite> <!-- testNgBasics.RegisterTest -->
