<?xml version="1.0" encoding="UTF-8"?>
<!-- Generated by org.testng.reporters.JUnitReportReporter -->
<testsuite hostname="DESKTOP-MK6I1DB" failures="0" tests="1" name="testScripts.JewelryTest" time="10.809" errors="0" timestamp="2024-04-10T02:24:26 IST" skipped="0">
  <testcase classname="testScripts.JewelryTest" name="jewelry" time="10.809"/>
  <system-out>
    <![CDATA[Before Suite
Before Test
Browser launched
Login
Logout
Browser closed
After test
After Suite]]>
  </system-out>
</testsuite> <!-- testScripts.JewelryTest -->
